---
driver=<class 'textual.drivers.linux_driver.LinuxDriver'>
Load() >>> Browser(title='Textual')
Mount() >>> Browser(title='uproot-browser')
Mount() >>> DockView(name='DockView#1')
Mount() >>> Header('')
Mount() >>> ScrollView(name='ScrollView#1')
Mount() >>> ScrollView(name='ScrollView#1')
Mount() >>> WindowView(name='WindowView#1')
Mount() >>> TreeView(name='019426EE-3D50-1249-B266-F6DBA0AFE3B5.root')
TRANSLATING layout
WindowChange(WindowView(name='WindowView#1')) >>> ScrollView(name='ScrollView#1')
WindowChange(WindowView(name='WindowView#1')) >>> ScrollView(name='ScrollView#1')
TRANSLATING layout
TRANSLATING layout
TRANSLATING layout
TRANSLATING layout
TRANSLATING layout
TRANSLATING layout
TRANSLATING layout
set_focus TreeView(name='019426EE-3D50-1249-B266-F6DBA0AFE3B5.root')
Focus() >>> TreeView(name='019426EE-3D50-1249-B266-F6DBA0AFE3B5.root')
MouseDown(x=8, y=2, screen_y=5, button=1) >>> TreeView(name='019426EE-3D50-1249-B266-F6DBA0AFE3B5.root')
WindowChange(WindowView(name='WindowView#1')) >>> ScrollView(name='ScrollView#1')
MouseUp(x=8, y=2, screen_y=5, button=1) >>> TreeView(name='019426EE-3D50-1249-B266-F6DBA0AFE3B5.root')
Click(x=8, y=2, screen_y=5, button=1) >>> TreeView(name='019426EE-3D50-1249-B266-F6DBA0AFE3B5.root')
ACTION TreeView(name='019426EE-3D50-1249-B266-F6DBA0AFE3B5.root') click_label
TreeClick(node=TreeNode(id=1, label='//Events', data=UprootItem(path='//Events', item=<TTree 'Events' (1583 branches) at 0x7f1a0955ee60>))) >>> TreeView(name='019426EE-3D50-1249-B266-F6DBA0AFE3B5.root')
TRANSLATING layout
TRANSLATING layout
CursorMove(TreeView(name='019426EE-3D50-1249-B266-F6DBA0AFE3B5.root')) >>> ScrollView(name='ScrollView#1')
WindowChange(WindowView(name='WindowView#1')) >>> ScrollView(name='ScrollView#1')
WindowChange(WindowView(name='WindowView#1')) >>> ScrollView(name='ScrollView#1')
TRANSLATING layout
TRANSLATING layout
TRANSLATING layout
TRANSLATING layout
TRANSLATING layout
TRANSLATING layout
TRANSLATING layout
TRANSLATING layout
TRANSLATING layout
TRANSLATING layout
TRANSLATING layout
TRANSLATING layout
MouseScrollUp() >>> ScrollView(name='ScrollView#1')
MouseScrollUp() >>> ScrollView(name='ScrollView#1')
MouseScrollUp() >>> ScrollView(name='ScrollView#1')
MouseScrollUp() >>> ScrollView(name='ScrollView#1')
MouseScrollUp() >>> ScrollView(name='ScrollView#1')
MouseScrollUp() >>> ScrollView(name='ScrollView#1')
MouseScrollUp() >>> ScrollView(name='ScrollView#1')
MouseScrollUp() >>> ScrollView(name='ScrollView#1')
MouseScrollUp() >>> ScrollView(name='ScrollView#1')
MouseScrollUp() >>> ScrollView(name='ScrollView#1')
MouseScrollUp() >>> ScrollView(name='ScrollView#1')
MouseScrollUp() >>> ScrollView(name='ScrollView#1')
MouseScrollUp() >>> ScrollView(name='ScrollView#1')
MouseScrollUp() >>> ScrollView(name='ScrollView#1')
MouseScrollUp() >>> ScrollView(name='ScrollView#1')
MouseScrollUp() >>> ScrollView(name='ScrollView#1')
MouseScrollUp() >>> ScrollView(name='ScrollView#1')
MouseScrollUp() >>> ScrollView(name='ScrollView#1')
MouseScrollUp() >>> ScrollView(name='ScrollView#1')
MouseScrollUp() >>> ScrollView(name='ScrollView#1')
MouseScrollUp() >>> ScrollView(name='ScrollView#1')
MouseScrollUp() >>> ScrollView(name='ScrollView#1')
MouseScrollUp() >>> ScrollView(name='ScrollView#1')
MouseScrollUp() >>> ScrollView(name='ScrollView#1')
MouseScrollUp() >>> ScrollView(name='ScrollView#1')
MouseScrollUp() >>> ScrollView(name='ScrollView#1')
MouseScrollUp() >>> ScrollView(name='ScrollView#1')
MouseScrollUp() >>> ScrollView(name='ScrollView#1')
MouseScrollUp() >>> ScrollView(name='ScrollView#1')
MouseScrollUp() >>> ScrollView(name='ScrollView#1')
MouseScrollUp() >>> ScrollView(name='ScrollView#1')
MouseScrollUp() >>> ScrollView(name='ScrollView#1')
MouseScrollUp() >>> ScrollView(name='ScrollView#1')
MouseScrollUp() >>> ScrollView(name='ScrollView#1')
MouseScrollUp() >>> ScrollView(name='ScrollView#1')
MouseScrollUp() >>> ScrollView(name='ScrollView#1')
MouseScrollUp() >>> ScrollView(name='ScrollView#1')
MouseScrollUp() >>> ScrollView(name='ScrollView#1')
MouseScrollUp() >>> ScrollView(name='ScrollView#1')
MouseScrollUp() >>> ScrollView(name='ScrollView#1')
MouseScrollUp() >>> ScrollView(name='ScrollView#1')
MouseScrollUp() >>> ScrollView(name='ScrollView#1')
MouseScrollUp() >>> ScrollView(name='ScrollView#1')
MouseScrollUp() >>> ScrollView(name='ScrollView#1')
MouseScrollUp() >>> ScrollView(name='ScrollView#1')
MouseScrollUp() >>> ScrollView(name='ScrollView#1')
MouseScrollUp() >>> ScrollView(name='ScrollView#1')
MouseScrollUp() >>> ScrollView(name='ScrollView#1')
MouseScrollUp() >>> ScrollView(name='ScrollView#1')
MouseScrollUp() >>> ScrollView(name='ScrollView#1')
MouseScrollUp() >>> ScrollView(name='ScrollView#1')
MouseScrollUp() >>> ScrollView(name='ScrollView#1')
MouseScrollUp() >>> ScrollView(name='ScrollView#1')
MouseScrollUp() >>> ScrollView(name='ScrollView#1')
MouseScrollUp() >>> ScrollView(name='ScrollView#1')
MouseScrollUp() >>> ScrollView(name='ScrollView#1')
MouseScrollUp() >>> ScrollView(name='ScrollView#1')
MouseScrollUp() >>> ScrollView(name='ScrollView#1')
MouseScrollUp() >>> ScrollView(name='ScrollView#1')
MouseScrollUp() >>> ScrollView(name='ScrollView#1')
MouseScrollUp() >>> ScrollView(name='ScrollView#1')
MouseScrollUp() >>> ScrollView(name='ScrollView#1')
MouseScrollUp() >>> ScrollView(name='ScrollView#1')
MouseScrollUp() >>> ScrollView(name='ScrollView#1')
MouseScrollUp() >>> ScrollView(name='ScrollView#1')
MouseScrollUp() >>> ScrollView(name='ScrollView#1')
MouseScrollUp() >>> ScrollView(name='ScrollView#1')
MouseScrollUp() >>> ScrollView(name='ScrollView#1')
MouseScrollUp() >>> ScrollView(name='ScrollView#1')
MouseScrollUp() >>> ScrollView(name='ScrollView#1')
MouseScrollUp() >>> ScrollView(name='ScrollView#1')
MouseScrollUp() >>> ScrollView(name='ScrollView#1')
MouseScrollUp() >>> ScrollView(name='ScrollView#1')
MouseScrollUp() >>> ScrollView(name='ScrollView#1')
MouseScrollUp() >>> ScrollView(name='ScrollView#1')
MouseScrollUp() >>> ScrollView(name='ScrollView#1')
MouseScrollUp() >>> ScrollView(name='ScrollView#1')
MouseScrollUp() >>> ScrollView(name='ScrollView#1')
MouseScrollUp() >>> ScrollView(name='ScrollView#1')
MouseScrollUp() >>> ScrollView(name='ScrollView#1')
MouseScrollUp() >>> ScrollView(name='ScrollView#1')
MouseScrollUp() >>> ScrollView(name='ScrollView#1')
MouseScrollUp() >>> ScrollView(name='ScrollView#1')
MouseScrollUp() >>> ScrollView(name='ScrollView#1')
MouseScrollUp() >>> ScrollView(name='ScrollView#1')
MouseScrollUp() >>> ScrollView(name='ScrollView#1')
MouseScrollUp() >>> ScrollView(name='ScrollView#1')
MouseScrollUp() >>> ScrollView(name='ScrollView#1')
MouseScrollUp() >>> ScrollView(name='ScrollView#1')
MouseScrollUp() >>> ScrollView(name='ScrollView#1')
MouseScrollUp() >>> ScrollView(name='ScrollView#1')
MouseScrollUp() >>> ScrollView(name='ScrollView#1')
MouseScrollUp() >>> ScrollView(name='ScrollView#1')
MouseScrollUp() >>> ScrollView(name='ScrollView#1')
MouseScrollUp() >>> ScrollView(name='ScrollView#1')
MouseScrollUp() >>> ScrollView(name='ScrollView#1')
MouseScrollUp() >>> ScrollView(name='ScrollView#1')
MouseScrollUp() >>> ScrollView(name='ScrollView#1')
MouseScrollUp() >>> ScrollView(name='ScrollView#1')
MouseScrollUp() >>> ScrollView(name='ScrollView#1')
MouseScrollUp() >>> ScrollView(name='ScrollView#1')
MouseScrollUp() >>> ScrollView(name='ScrollView#1')
MouseScrollUp() >>> ScrollView(name='ScrollView#1')
MouseScrollUp() >>> ScrollView(name='ScrollView#1')
MouseScrollUp() >>> ScrollView(name='ScrollView#1')
MouseScrollUp() >>> ScrollView(name='ScrollView#1')
MouseScrollUp() >>> ScrollView(name='ScrollView#1')
MouseScrollUp() >>> ScrollView(name='ScrollView#1')
MouseScrollUp() >>> ScrollView(name='ScrollView#1')
MouseScrollUp() >>> ScrollView(name='ScrollView#1')
MouseScrollUp() >>> ScrollView(name='ScrollView#1')
MouseScrollUp() >>> ScrollView(name='ScrollView#1')
MouseScrollUp() >>> ScrollView(name='ScrollView#1')
MouseScrollUp() >>> ScrollView(name='ScrollView#1')
MouseScrollUp() >>> ScrollView(name='ScrollView#1')
MouseScrollUp() >>> ScrollView(name='ScrollView#1')
MouseScrollUp() >>> ScrollView(name='ScrollView#1')
MouseScrollUp() >>> ScrollView(name='ScrollView#1')
MouseScrollUp() >>> ScrollView(name='ScrollView#1')
MouseScrollUp() >>> ScrollView(name='ScrollView#1')
MouseScrollUp() >>> ScrollView(name='ScrollView#1')
MouseScrollUp() >>> ScrollView(name='ScrollView#1')
MouseScrollUp() >>> ScrollView(name='ScrollView#1')
MouseScrollUp() >>> ScrollView(name='ScrollView#1')
MouseScrollUp() >>> ScrollView(name='ScrollView#1')
MouseScrollUp() >>> ScrollView(name='ScrollView#1')
MouseScrollUp() >>> ScrollView(name='ScrollView#1')
MouseScrollUp() >>> ScrollView(name='ScrollView#1')
MouseScrollUp() >>> ScrollView(name='ScrollView#1')
MouseScrollUp() >>> ScrollView(name='ScrollView#1')
MouseScrollUp() >>> ScrollView(name='ScrollView#1')
MouseScrollUp() >>> ScrollView(name='ScrollView#1')
MouseScrollUp() >>> ScrollView(name='ScrollView#1')
MouseScrollUp() >>> ScrollView(name='ScrollView#1')
MouseScrollUp() >>> ScrollView(name='ScrollView#1')
MouseScrollUp() >>> ScrollView(name='ScrollView#1')
MouseScrollUp() >>> ScrollView(name='ScrollView#1')
MouseScrollUp() >>> ScrollView(name='ScrollView#1')
MouseScrollUp() >>> ScrollView(name='ScrollView#1')
MouseScrollUp() >>> ScrollView(name='ScrollView#1')
MouseScrollUp() >>> ScrollView(name='ScrollView#1')
MouseScrollUp() >>> ScrollView(name='ScrollView#1')
MouseScrollUp() >>> ScrollView(name='ScrollView#1')
MouseScrollUp() >>> ScrollView(name='ScrollView#1')
MouseScrollUp() >>> ScrollView(name='ScrollView#1')
MouseScrollUp() >>> ScrollView(name='ScrollView#1')
MouseScrollUp() >>> ScrollView(name='ScrollView#1')
MouseScrollUp() >>> ScrollView(name='ScrollView#1')
MouseScrollUp() >>> ScrollView(name='ScrollView#1')
MouseScrollUp() >>> ScrollView(name='ScrollView#1')
MouseScrollUp() >>> ScrollView(name='ScrollView#1')
MouseScrollUp() >>> ScrollView(name='ScrollView#1')
MouseScrollUp() >>> ScrollView(name='ScrollView#1')
MouseScrollUp() >>> ScrollView(name='ScrollView#1')
MouseScrollUp() >>> ScrollView(name='ScrollView#1')
MouseScrollUp() >>> ScrollView(name='ScrollView#1')
MouseScrollUp() >>> ScrollView(name='ScrollView#1')
MouseScrollUp() >>> ScrollView(name='ScrollView#1')
MouseScrollUp() >>> ScrollView(name='ScrollView#1')
MouseScrollUp() >>> ScrollView(name='ScrollView#1')
MouseScrollUp() >>> ScrollView(name='ScrollView#1')
MouseScrollUp() >>> ScrollView(name='ScrollView#1')
MouseScrollUp() >>> ScrollView(name='ScrollView#1')
MouseScrollUp() >>> ScrollView(name='ScrollView#1')
MouseScrollUp() >>> ScrollView(name='ScrollView#1')
MouseScrollUp() >>> ScrollView(name='ScrollView#1')
MouseScrollUp() >>> ScrollView(name='ScrollView#1')
MouseScrollUp() >>> ScrollView(name='ScrollView#1')
MouseScrollUp() >>> ScrollView(name='ScrollView#1')
MouseScrollUp() >>> ScrollView(name='ScrollView#1')
MouseScrollUp() >>> ScrollView(name='ScrollView#1')
MouseScrollUp() >>> ScrollView(name='ScrollView#1')
MouseScrollUp() >>> ScrollView(name='ScrollView#1')
MouseScrollUp() >>> ScrollView(name='ScrollView#1')
MouseScrollUp() >>> ScrollView(name='ScrollView#1')
MouseScrollUp() >>> ScrollView(name='ScrollView#1')
MouseScrollUp() >>> ScrollView(name='ScrollView#1')
MouseScrollUp() >>> ScrollView(name='ScrollView#1')
MouseScrollUp() >>> ScrollView(name='ScrollView#1')
MouseScrollUp() >>> ScrollView(name='ScrollView#1')
MouseScrollUp() >>> ScrollView(name='ScrollView#1')
MouseScrollUp() >>> ScrollView(name='ScrollView#1')
MouseScrollUp() >>> ScrollView(name='ScrollView#1')
MouseScrollUp() >>> ScrollView(name='ScrollView#1')
MouseScrollUp() >>> ScrollView(name='ScrollView#1')
MouseScrollUp() >>> ScrollView(name='ScrollView#1')
MouseScrollUp() >>> ScrollView(name='ScrollView#1')
MouseScrollUp() >>> ScrollView(name='ScrollView#1')
MouseScrollUp() >>> ScrollView(name='ScrollView#1')
MouseScrollUp() >>> ScrollView(name='ScrollView#1')
MouseScrollUp() >>> ScrollView(name='ScrollView#1')
MouseScrollUp() >>> ScrollView(name='ScrollView#1')
MouseScrollUp() >>> ScrollView(name='ScrollView#1')
MouseScrollUp() >>> ScrollView(name='ScrollView#1')
MouseScrollUp() >>> ScrollView(name='ScrollView#1')
MouseScrollUp() >>> ScrollView(name='ScrollView#1')
MouseScrollUp() >>> ScrollView(name='ScrollView#1')
MouseScrollUp() >>> ScrollView(name='ScrollView#1')
MouseScrollUp() >>> ScrollView(name='ScrollView#1')
MouseScrollUp() >>> ScrollView(name='ScrollView#1')
MouseScrollUp() >>> ScrollView(name='ScrollView#1')
MouseScrollUp() >>> ScrollView(name='ScrollView#1')
MouseScrollUp() >>> ScrollView(name='ScrollView#1')
MouseScrollUp() >>> ScrollView(name='ScrollView#1')
MouseScrollUp() >>> ScrollView(name='ScrollView#1')
MouseScrollUp() >>> ScrollView(name='ScrollView#1')
MouseScrollUp() >>> ScrollView(name='ScrollView#1')
MouseScrollUp() >>> ScrollView(name='ScrollView#1')
MouseScrollUp() >>> ScrollView(name='ScrollView#1')
MouseScrollUp() >>> ScrollView(name='ScrollView#1')
MouseScrollUp() >>> ScrollView(name='ScrollView#1')
MouseScrollUp() >>> ScrollView(name='ScrollView#1')
MouseScrollUp() >>> ScrollView(name='ScrollView#1')
MouseScrollUp() >>> ScrollView(name='ScrollView#1')
MouseScrollUp() >>> ScrollView(name='ScrollView#1')
MouseScrollUp() >>> ScrollView(name='ScrollView#1')
MouseScrollUp() >>> ScrollView(name='ScrollView#1')
MouseScrollUp() >>> ScrollView(name='ScrollView#1')
MouseScrollUp() >>> ScrollView(name='ScrollView#1')
MouseScrollUp() >>> ScrollView(name='ScrollView#1')
MouseScrollUp() >>> ScrollView(name='ScrollView#1')
MouseScrollUp() >>> ScrollView(name='ScrollView#1')
MouseScrollUp() >>> ScrollView(name='ScrollView#1')
MouseScrollUp() >>> ScrollView(name='ScrollView#1')
MouseScrollUp() >>> ScrollView(name='ScrollView#1')
MouseScrollUp() >>> ScrollView(name='ScrollView#1')
MouseScrollUp() >>> ScrollView(name='ScrollView#1')
MouseScrollUp() >>> ScrollView(name='ScrollView#1')
MouseScrollUp() >>> ScrollView(name='ScrollView#1')
MouseScrollUp() >>> ScrollView(name='ScrollView#1')
MouseScrollUp() >>> ScrollView(name='ScrollView#1')
MouseScrollUp() >>> ScrollView(name='ScrollView#1')
MouseScrollUp() >>> ScrollView(name='ScrollView#1')
MouseScrollUp() >>> ScrollView(name='ScrollView#1')
MouseScrollUp() >>> ScrollView(name='ScrollView#1')
MouseScrollUp() >>> ScrollView(name='ScrollView#1')
MouseScrollUp() >>> ScrollView(name='ScrollView#1')
MouseScrollUp() >>> ScrollView(name='ScrollView#1')
MouseScrollUp() >>> ScrollView(name='ScrollView#1')
MouseScrollUp() >>> ScrollView(name='ScrollView#1')
MouseScrollUp() >>> ScrollView(name='ScrollView#1')
MouseScrollUp() >>> ScrollView(name='ScrollView#1')
MouseScrollUp() >>> ScrollView(name='ScrollView#1')
MouseScrollUp() >>> ScrollView(name='ScrollView#1')
MouseScrollUp() >>> ScrollView(name='ScrollView#1')
MouseScrollUp() >>> ScrollView(name='ScrollView#1')
MouseScrollUp() >>> ScrollView(name='ScrollView#1')
MouseScrollUp() >>> ScrollView(name='ScrollView#1')
MouseScrollUp() >>> ScrollView(name='ScrollView#1')
MouseScrollUp() >>> ScrollView(name='ScrollView#1')
MouseScrollUp() >>> ScrollView(name='ScrollView#1')
MouseScrollUp() >>> ScrollView(name='ScrollView#1')
MouseScrollUp() >>> ScrollView(name='ScrollView#1')
MouseScrollUp() >>> ScrollView(name='ScrollView#1')
MouseScrollUp() >>> ScrollView(name='ScrollView#1')
MouseScrollUp() >>> ScrollView(name='ScrollView#1')
MouseScrollUp() >>> ScrollView(name='ScrollView#1')
MouseScrollUp() >>> ScrollView(name='ScrollView#1')
MouseScrollUp() >>> ScrollView(name='ScrollView#1')
MouseScrollUp() >>> ScrollView(name='ScrollView#1')
MouseScrollUp() >>> ScrollView(name='ScrollView#1')
MouseScrollUp() >>> ScrollView(name='ScrollView#1')
MouseScrollUp() >>> ScrollView(name='ScrollView#1')
MouseScrollUp() >>> ScrollView(name='ScrollView#1')
MouseScrollUp() >>> ScrollView(name='ScrollView#1')
MouseScrollUp() >>> ScrollView(name='ScrollView#1')
MouseScrollUp() >>> ScrollView(name='ScrollView#1')
MouseScrollUp() >>> ScrollView(name='ScrollView#1')
MouseScrollUp() >>> ScrollView(name='ScrollView#1')
MouseScrollUp() >>> ScrollView(name='ScrollView#1')
MouseScrollUp() >>> ScrollView(name='ScrollView#1')
MouseScrollUp() >>> ScrollView(name='ScrollView#1')
MouseScrollUp() >>> ScrollView(name='ScrollView#1')
MouseScrollUp() >>> ScrollView(name='ScrollView#1')
MouseScrollUp() >>> ScrollView(name='ScrollView#1')
MouseScrollUp() >>> ScrollView(name='ScrollView#1')
MouseScrollUp() >>> ScrollView(name='ScrollView#1')
MouseScrollUp() >>> ScrollView(name='ScrollView#1')
MouseScrollUp() >>> ScrollView(name='ScrollView#1')
MouseScrollUp() >>> ScrollView(name='ScrollView#1')
MouseScrollUp() >>> ScrollView(name='ScrollView#1')
MouseScrollUp() >>> ScrollView(name='ScrollView#1')
MouseScrollUp() >>> ScrollView(name='ScrollView#1')
MouseScrollUp() >>> ScrollView(name='ScrollView#1')
MouseScrollUp() >>> ScrollView(name='ScrollView#1')
MouseScrollUp() >>> ScrollView(name='ScrollView#1')
MouseScrollUp() >>> ScrollView(name='ScrollView#1')
MouseScrollUp() >>> ScrollView(name='ScrollView#1')
MouseScrollUp() >>> ScrollView(name='ScrollView#1')
MouseScrollUp() >>> ScrollView(name='ScrollView#1')
MouseScrollUp() >>> ScrollView(name='ScrollView#1')
MouseScrollUp() >>> ScrollView(name='ScrollView#1')
MouseScrollUp() >>> ScrollView(name='ScrollView#1')
MouseScrollUp() >>> ScrollView(name='ScrollView#1')
MouseScrollUp() >>> ScrollView(name='ScrollView#1')
MouseScrollUp() >>> ScrollView(name='ScrollView#1')
MouseScrollUp() >>> ScrollView(name='ScrollView#1')
MouseScrollUp() >>> ScrollView(name='ScrollView#1')
MouseScrollUp() >>> ScrollView(name='ScrollView#1')
MouseScrollUp() >>> ScrollView(name='ScrollView#1')
MouseScrollUp() >>> ScrollView(name='ScrollView#1')
MouseScrollUp() >>> ScrollView(name='ScrollView#1')
MouseScrollUp() >>> ScrollView(name='ScrollView#1')
MouseScrollUp() >>> ScrollView(name='ScrollView#1')
MouseScrollUp() >>> ScrollView(name='ScrollView#1')
MouseScrollUp() >>> ScrollView(name='ScrollView#1')
MouseScrollUp() >>> ScrollView(name='ScrollView#1')
MouseScrollUp() >>> ScrollView(name='ScrollView#1')
MouseScrollUp() >>> ScrollView(name='ScrollView#1')
MouseScrollUp() >>> ScrollView(name='ScrollView#1')
MouseScrollUp() >>> ScrollView(name='ScrollView#1')
MouseScrollUp() >>> ScrollView(name='ScrollView#1')
MouseScrollUp() >>> ScrollView(name='ScrollView#1')
MouseScrollUp() >>> ScrollView(name='ScrollView#1')
MouseScrollUp() >>> ScrollView(name='ScrollView#1')
MouseScrollUp() >>> ScrollView(name='ScrollView#1')
MouseScrollUp() >>> ScrollView(name='ScrollView#1')
MouseScrollUp() >>> ScrollView(name='ScrollView#1')
MouseScrollUp() >>> ScrollView(name='ScrollView#1')
MouseScrollUp() >>> ScrollView(name='ScrollView#1')
MouseScrollUp() >>> ScrollView(name='ScrollView#1')
MouseScrollUp() >>> ScrollView(name='ScrollView#1')
MouseScrollUp() >>> ScrollView(name='ScrollView#1')
MouseScrollUp() >>> ScrollView(name='ScrollView#1')
MouseScrollUp() >>> ScrollView(name='ScrollView#1')
MouseScrollUp() >>> ScrollView(name='ScrollView#1')
MouseScrollUp() >>> ScrollView(name='ScrollView#1')
MouseScrollUp() >>> ScrollView(name='ScrollView#1')
MouseScrollUp() >>> ScrollView(name='ScrollView#1')
MouseScrollUp() >>> ScrollView(name='ScrollView#1')
MouseScrollUp() >>> ScrollView(name='ScrollView#1')
MouseScrollUp() >>> ScrollView(name='ScrollView#1')
MouseScrollUp() >>> ScrollView(name='ScrollView#1')
MouseScrollUp() >>> ScrollView(name='ScrollView#1')
MouseScrollUp() >>> ScrollView(name='ScrollView#1')
MouseScrollUp() >>> ScrollView(name='ScrollView#1')
MouseScrollUp() >>> ScrollView(name='ScrollView#1')
MouseScrollUp() >>> ScrollView(name='ScrollView#1')
MouseScrollUp() >>> ScrollView(name='ScrollView#1')
MouseScrollUp() >>> ScrollView(name='ScrollView#1')
MouseScrollUp() >>> ScrollView(name='ScrollView#1')
MouseScrollUp() >>> ScrollView(name='ScrollView#1')
MouseScrollUp() >>> ScrollView(name='ScrollView#1')
MouseScrollUp() >>> ScrollView(name='ScrollView#1')
MouseScrollUp() >>> ScrollView(name='ScrollView#1')
Enter() >>> ScrollBar(virtual_size=2268, window_size=31, position=506)
Leave() >>> ScrollBar(virtual_size=2268, window_size=31, position=506)
TRANSLATING layout
TRANSLATING layout
TRANSLATING layout
MouseScrollUp() >>> ScrollView(name='ScrollView#1')
MouseScrollUp() >>> ScrollView(name='ScrollView#1')
MouseScrollUp() >>> ScrollView(name='ScrollView#1')
MouseScrollUp() >>> ScrollView(name='ScrollView#1')
MouseScrollUp() >>> ScrollView(name='ScrollView#1')
MouseScrollUp() >>> ScrollView(name='ScrollView#1')
MouseScrollUp() >>> ScrollView(name='ScrollView#1')
MouseScrollUp() >>> ScrollView(name='ScrollView#1')
MouseScrollUp() >>> ScrollView(name='ScrollView#1')
MouseScrollUp() >>> ScrollView(name='ScrollView#1')
MouseScrollUp() >>> ScrollView(name='ScrollView#1')
MouseScrollUp() >>> ScrollView(name='ScrollView#1')
MouseScrollUp() >>> ScrollView(name='ScrollView#1')
MouseScrollUp() >>> ScrollView(name='ScrollView#1')
MouseScrollUp() >>> ScrollView(name='ScrollView#1')
MouseScrollUp() >>> ScrollView(name='ScrollView#1')
MouseScrollUp() >>> ScrollView(name='ScrollView#1')
MouseScrollUp() >>> ScrollView(name='ScrollView#1')
MouseScrollUp() >>> ScrollView(name='ScrollView#1')
MouseScrollUp() >>> ScrollView(name='ScrollView#1')
MouseScrollUp() >>> ScrollView(name='ScrollView#1')
MouseScrollUp() >>> ScrollView(name='ScrollView#1')
MouseScrollUp() >>> ScrollView(name='ScrollView#1')
MouseScrollUp() >>> ScrollView(name='ScrollView#1')
MouseScrollUp() >>> ScrollView(name='ScrollView#1')
MouseScrollUp() >>> ScrollView(name='ScrollView#1')
MouseScrollUp() >>> ScrollView(name='ScrollView#1')
MouseScrollUp() >>> ScrollView(name='ScrollView#1')
MouseScrollUp() >>> ScrollView(name='ScrollView#1')
MouseScrollUp() >>> ScrollView(name='ScrollView#1')
MouseScrollUp() >>> ScrollView(name='ScrollView#1')
MouseScrollUp() >>> ScrollView(name='ScrollView#1')
MouseScrollUp() >>> ScrollView(name='ScrollView#1')
MouseScrollUp() >>> ScrollView(name='ScrollView#1')
MouseScrollUp() >>> ScrollView(name='ScrollView#1')
MouseScrollUp() >>> ScrollView(name='ScrollView#1')
MouseScrollUp() >>> ScrollView(name='ScrollView#1')
MouseScrollUp() >>> ScrollView(name='ScrollView#1')
MouseScrollUp() >>> ScrollView(name='ScrollView#1')
MouseScrollUp() >>> ScrollView(name='ScrollView#1')
MouseScrollUp() >>> ScrollView(name='ScrollView#1')
MouseScrollUp() >>> ScrollView(name='ScrollView#1')
MouseScrollUp() >>> ScrollView(name='ScrollView#1')
MouseScrollUp() >>> ScrollView(name='ScrollView#1')
MouseScrollUp() >>> ScrollView(name='ScrollView#1')
MouseScrollUp() >>> ScrollView(name='ScrollView#1')
MouseScrollUp() >>> ScrollView(name='ScrollView#1')
MouseScrollUp() >>> ScrollView(name='ScrollView#1')
MouseScrollUp() >>> ScrollView(name='ScrollView#1')
MouseScrollUp() >>> ScrollView(name='ScrollView#1')
MouseScrollUp() >>> ScrollView(name='ScrollView#1')
MouseScrollUp() >>> ScrollView(name='ScrollView#1')
MouseScrollUp() >>> ScrollView(name='ScrollView#1')
MouseScrollUp() >>> ScrollView(name='ScrollView#1')
MouseScrollUp() >>> ScrollView(name='ScrollView#1')
MouseScrollUp() >>> ScrollView(name='ScrollView#1')
MouseScrollUp() >>> ScrollView(name='ScrollView#1')
MouseScrollUp() >>> ScrollView(name='ScrollView#1')
MouseScrollUp() >>> ScrollView(name='ScrollView#1')
MouseScrollUp() >>> ScrollView(name='ScrollView#1')
MouseScrollUp() >>> ScrollView(name='ScrollView#1')
MouseScrollUp() >>> ScrollView(name='ScrollView#1')
MouseScrollUp() >>> ScrollView(name='ScrollView#1')
MouseScrollUp() >>> ScrollView(name='ScrollView#1')
MouseScrollUp() >>> ScrollView(name='ScrollView#1')
MouseScrollUp() >>> ScrollView(name='ScrollView#1')
MouseScrollUp() >>> ScrollView(name='ScrollView#1')
MouseScrollUp() >>> ScrollView(name='ScrollView#1')
MouseScrollUp() >>> ScrollView(name='ScrollView#1')
MouseScrollUp() >>> ScrollView(name='ScrollView#1')
MouseScrollUp() >>> ScrollView(name='ScrollView#1')
MouseScrollUp() >>> ScrollView(name='ScrollView#1')
MouseScrollUp() >>> ScrollView(name='ScrollView#1')
MouseScrollUp() >>> ScrollView(name='ScrollView#1')
MouseScrollUp() >>> ScrollView(name='ScrollView#1')
MouseScrollUp() >>> ScrollView(name='ScrollView#1')
MouseScrollUp() >>> ScrollView(name='ScrollView#1')
MouseScrollUp() >>> ScrollView(name='ScrollView#1')
MouseScrollUp() >>> ScrollView(name='ScrollView#1')
MouseScrollUp() >>> ScrollView(name='ScrollView#1')
MouseScrollUp() >>> ScrollView(name='ScrollView#1')
MouseScrollUp() >>> ScrollView(name='ScrollView#1')
MouseScrollUp() >>> ScrollView(name='ScrollView#1')
MouseScrollUp() >>> ScrollView(name='ScrollView#1')
MouseScrollUp() >>> ScrollView(name='ScrollView#1')
MouseScrollUp() >>> ScrollView(name='ScrollView#1')
MouseScrollUp() >>> ScrollView(name='ScrollView#1')
MouseScrollUp() >>> ScrollView(name='ScrollView#1')
MouseScrollUp() >>> ScrollView(name='ScrollView#1')
MouseScrollUp() >>> ScrollView(name='ScrollView#1')
MouseScrollUp() >>> ScrollView(name='ScrollView#1')
MouseScrollUp() >>> ScrollView(name='ScrollView#1')
MouseScrollUp() >>> ScrollView(name='ScrollView#1')
MouseScrollUp() >>> ScrollView(name='ScrollView#1')
MouseScrollUp() >>> ScrollView(name='ScrollView#1')
MouseScrollUp() >>> ScrollView(name='ScrollView#1')
MouseScrollUp() >>> ScrollView(name='ScrollView#1')
MouseScrollUp() >>> ScrollView(name='ScrollView#1')
MouseScrollUp() >>> ScrollView(name='ScrollView#1')
MouseScrollUp() >>> ScrollView(name='ScrollView#1')
MouseScrollUp() >>> ScrollView(name='ScrollView#1')
MouseScrollUp() >>> ScrollView(name='ScrollView#1')
MouseScrollUp() >>> ScrollView(name='ScrollView#1')
MouseScrollUp() >>> ScrollView(name='ScrollView#1')
MouseScrollUp() >>> ScrollView(name='ScrollView#1')
MouseScrollUp() >>> ScrollView(name='ScrollView#1')
MouseScrollUp() >>> ScrollView(name='ScrollView#1')
MouseScrollUp() >>> ScrollView(name='ScrollView#1')
MouseScrollUp() >>> ScrollView(name='ScrollView#1')
MouseScrollUp() >>> ScrollView(name='ScrollView#1')
MouseScrollUp() >>> ScrollView(name='ScrollView#1')
MouseScrollUp() >>> ScrollView(name='ScrollView#1')
MouseScrollUp() >>> ScrollView(name='ScrollView#1')
MouseScrollUp() >>> ScrollView(name='ScrollView#1')
MouseScrollUp() >>> ScrollView(name='ScrollView#1')
MouseScrollUp() >>> ScrollView(name='ScrollView#1')
MouseScrollUp() >>> ScrollView(name='ScrollView#1')
MouseScrollUp() >>> ScrollView(name='ScrollView#1')
MouseScrollUp() >>> ScrollView(name='ScrollView#1')
MouseScrollUp() >>> ScrollView(name='ScrollView#1')
MouseScrollUp() >>> ScrollView(name='ScrollView#1')
MouseScrollUp() >>> ScrollView(name='ScrollView#1')
MouseScrollUp() >>> ScrollView(name='ScrollView#1')
MouseScrollUp() >>> ScrollView(name='ScrollView#1')
MouseScrollUp() >>> ScrollView(name='ScrollView#1')
MouseScrollUp() >>> ScrollView(name='ScrollView#1')
MouseScrollUp() >>> ScrollView(name='ScrollView#1')
MouseScrollUp() >>> ScrollView(name='ScrollView#1')
MouseScrollUp() >>> ScrollView(name='ScrollView#1')
MouseScrollUp() >>> ScrollView(name='ScrollView#1')
MouseScrollUp() >>> ScrollView(name='ScrollView#1')
MouseScrollUp() >>> ScrollView(name='ScrollView#1')
MouseScrollUp() >>> ScrollView(name='ScrollView#1')
MouseScrollUp() >>> ScrollView(name='ScrollView#1')
MouseScrollUp() >>> ScrollView(name='ScrollView#1')
MouseScrollUp() >>> ScrollView(name='ScrollView#1')
MouseScrollUp() >>> ScrollView(name='ScrollView#1')
MouseScrollUp() >>> ScrollView(name='ScrollView#1')
MouseScrollUp() >>> ScrollView(name='ScrollView#1')
MouseScrollUp() >>> ScrollView(name='ScrollView#1')
MouseScrollUp() >>> ScrollView(name='ScrollView#1')
MouseScrollUp() >>> ScrollView(name='ScrollView#1')
MouseScrollUp() >>> ScrollView(name='ScrollView#1')
MouseScrollUp() >>> ScrollView(name='ScrollView#1')
MouseScrollUp() >>> ScrollView(name='ScrollView#1')
MouseScrollUp() >>> ScrollView(name='ScrollView#1')
MouseScrollUp() >>> ScrollView(name='ScrollView#1')
MouseScrollUp() >>> ScrollView(name='ScrollView#1')
MouseScrollUp() >>> ScrollView(name='ScrollView#1')
MouseScrollUp() >>> ScrollView(name='ScrollView#1')
MouseScrollUp() >>> ScrollView(name='ScrollView#1')
MouseScrollUp() >>> ScrollView(name='ScrollView#1')
MouseScrollUp() >>> ScrollView(name='ScrollView#1')
MouseScrollUp() >>> ScrollView(name='ScrollView#1')
MouseScrollUp() >>> ScrollView(name='ScrollView#1')
MouseScrollUp() >>> ScrollView(name='ScrollView#1')
MouseScrollUp() >>> ScrollView(name='ScrollView#1')
MouseScrollUp() >>> ScrollView(name='ScrollView#1')
MouseScrollUp() >>> ScrollView(name='ScrollView#1')
MouseScrollUp() >>> ScrollView(name='ScrollView#1')
MouseScrollUp() >>> ScrollView(name='ScrollView#1')
MouseScrollUp() >>> ScrollView(name='ScrollView#1')
MouseScrollUp() >>> ScrollView(name='ScrollView#1')
MouseScrollUp() >>> ScrollView(name='ScrollView#1')
MouseScrollUp() >>> ScrollView(name='ScrollView#1')
MouseScrollUp() >>> ScrollView(name='ScrollView#1')
MouseScrollUp() >>> ScrollView(name='ScrollView#1')
MouseScrollUp() >>> ScrollView(name='ScrollView#1')
MouseScrollUp() >>> ScrollView(name='ScrollView#1')
MouseScrollUp() >>> ScrollView(name='ScrollView#1')
MouseScrollUp() >>> ScrollView(name='ScrollView#1')
MouseScrollUp() >>> ScrollView(name='ScrollView#1')
MouseScrollUp() >>> ScrollView(name='ScrollView#1')
MouseScrollUp() >>> ScrollView(name='ScrollView#1')
MouseScrollUp() >>> ScrollView(name='ScrollView#1')
MouseScrollUp() >>> ScrollView(name='ScrollView#1')
MouseScrollUp() >>> ScrollView(name='ScrollView#1')
MouseScrollUp() >>> ScrollView(name='ScrollView#1')
MouseScrollUp() >>> ScrollView(name='ScrollView#1')
MouseScrollUp() >>> ScrollView(name='ScrollView#1')
MouseScrollUp() >>> ScrollView(name='ScrollView#1')
MouseScrollUp() >>> ScrollView(name='ScrollView#1')
MouseScrollUp() >>> ScrollView(name='ScrollView#1')
MouseScrollUp() >>> ScrollView(name='ScrollView#1')
MouseScrollUp() >>> ScrollView(name='ScrollView#1')
MouseScrollUp() >>> ScrollView(name='ScrollView#1')
MouseScrollUp() >>> ScrollView(name='ScrollView#1')
MouseScrollUp() >>> ScrollView(name='ScrollView#1')
MouseScrollUp() >>> ScrollView(name='ScrollView#1')
MouseScrollUp() >>> ScrollView(name='ScrollView#1')
MouseScrollUp() >>> ScrollView(name='ScrollView#1')
MouseScrollUp() >>> ScrollView(name='ScrollView#1')
MouseScrollUp() >>> ScrollView(name='ScrollView#1')
MouseScrollUp() >>> ScrollView(name='ScrollView#1')
MouseScrollUp() >>> ScrollView(name='ScrollView#1')
MouseScrollUp() >>> ScrollView(name='ScrollView#1')
MouseScrollUp() >>> ScrollView(name='ScrollView#1')
MouseScrollUp() >>> ScrollView(name='ScrollView#1')
MouseScrollUp() >>> ScrollView(name='ScrollView#1')
MouseScrollUp() >>> ScrollView(name='ScrollView#1')
MouseScrollUp() >>> ScrollView(name='ScrollView#1')
MouseScrollUp() >>> ScrollView(name='ScrollView#1')
MouseScrollUp() >>> ScrollView(name='ScrollView#1')
MouseScrollUp() >>> ScrollView(name='ScrollView#1')
MouseScrollUp() >>> ScrollView(name='ScrollView#1')
MouseScrollUp() >>> ScrollView(name='ScrollView#1')
MouseScrollUp() >>> ScrollView(name='ScrollView#1')
MouseScrollUp() >>> ScrollView(name='ScrollView#1')
MouseScrollUp() >>> ScrollView(name='ScrollView#1')
MouseScrollUp() >>> ScrollView(name='ScrollView#1')
MouseScrollUp() >>> ScrollView(name='ScrollView#1')
MouseScrollUp() >>> ScrollView(name='ScrollView#1')
MouseScrollUp() >>> ScrollView(name='ScrollView#1')
MouseScrollUp() >>> ScrollView(name='ScrollView#1')
MouseScrollUp() >>> ScrollView(name='ScrollView#1')
MouseScrollUp() >>> ScrollView(name='ScrollView#1')
MouseScrollUp() >>> ScrollView(name='ScrollView#1')
MouseScrollUp() >>> ScrollView(name='ScrollView#1')
MouseScrollUp() >>> ScrollView(name='ScrollView#1')
MouseScrollUp() >>> ScrollView(name='ScrollView#1')
MouseScrollUp() >>> ScrollView(name='ScrollView#1')
MouseScrollUp() >>> ScrollView(name='ScrollView#1')
MouseScrollUp() >>> ScrollView(name='ScrollView#1')
MouseScrollUp() >>> ScrollView(name='ScrollView#1')
MouseScrollUp() >>> ScrollView(name='ScrollView#1')
MouseScrollUp() >>> ScrollView(name='ScrollView#1')
MouseScrollUp() >>> ScrollView(name='ScrollView#1')
MouseScrollUp() >>> ScrollView(name='ScrollView#1')
MouseScrollUp() >>> ScrollView(name='ScrollView#1')
MouseScrollUp() >>> ScrollView(name='ScrollView#1')
MouseScrollUp() >>> ScrollView(name='ScrollView#1')
MouseScrollUp() >>> ScrollView(name='ScrollView#1')
MouseScrollUp() >>> ScrollView(name='ScrollView#1')
MouseScrollUp() >>> ScrollView(name='ScrollView#1')
MouseScrollUp() >>> ScrollView(name='ScrollView#1')
MouseScrollUp() >>> ScrollView(name='ScrollView#1')
MouseScrollUp() >>> ScrollView(name='ScrollView#1')
MouseScrollUp() >>> ScrollView(name='ScrollView#1')
MouseScrollUp() >>> ScrollView(name='ScrollView#1')
MouseScrollUp() >>> ScrollView(name='ScrollView#1')
MouseScrollUp() >>> ScrollView(name='ScrollView#1')
MouseScrollUp() >>> ScrollView(name='ScrollView#1')
MouseScrollUp() >>> ScrollView(name='ScrollView#1')
MouseScrollUp() >>> ScrollView(name='ScrollView#1')
MouseScrollUp() >>> ScrollView(name='ScrollView#1')
MouseScrollUp() >>> ScrollView(name='ScrollView#1')
MouseScrollUp() >>> ScrollView(name='ScrollView#1')
MouseScrollUp() >>> ScrollView(name='ScrollView#1')
MouseScrollUp() >>> ScrollView(name='ScrollView#1')
MouseScrollUp() >>> ScrollView(name='ScrollView#1')
MouseScrollUp() >>> ScrollView(name='ScrollView#1')
MouseScrollUp() >>> ScrollView(name='ScrollView#1')
MouseScrollUp() >>> ScrollView(name='ScrollView#1')
MouseScrollUp() >>> ScrollView(name='ScrollView#1')
MouseScrollUp() >>> ScrollView(name='ScrollView#1')
MouseScrollUp() >>> ScrollView(name='ScrollView#1')
MouseScrollUp() >>> ScrollView(name='ScrollView#1')
MouseScrollUp() >>> ScrollView(name='ScrollView#1')
MouseScrollUp() >>> ScrollView(name='ScrollView#1')
MouseScrollUp() >>> ScrollView(name='ScrollView#1')
MouseScrollUp() >>> ScrollView(name='ScrollView#1')
MouseScrollUp() >>> ScrollView(name='ScrollView#1')
MouseScrollUp() >>> ScrollView(name='ScrollView#1')
MouseScrollUp() >>> ScrollView(name='ScrollView#1')
MouseScrollUp() >>> ScrollView(name='ScrollView#1')
MouseScrollUp() >>> ScrollView(name='ScrollView#1')
MouseScrollUp() >>> ScrollView(name='ScrollView#1')
MouseScrollUp() >>> ScrollView(name='ScrollView#1')
MouseScrollUp() >>> ScrollView(name='ScrollView#1')
MouseScrollUp() >>> ScrollView(name='ScrollView#1')
MouseScrollUp() >>> ScrollView(name='ScrollView#1')
MouseScrollUp() >>> ScrollView(name='ScrollView#1')
MouseScrollUp() >>> ScrollView(name='ScrollView#1')
MouseScrollUp() >>> ScrollView(name='ScrollView#1')
MouseScrollUp() >>> ScrollView(name='ScrollView#1')
MouseScrollUp() >>> ScrollView(name='ScrollView#1')
MouseScrollUp() >>> ScrollView(name='ScrollView#1')
MouseScrollUp() >>> ScrollView(name='ScrollView#1')
MouseScrollUp() >>> ScrollView(name='ScrollView#1')
MouseScrollUp() >>> ScrollView(name='ScrollView#1')
MouseScrollUp() >>> ScrollView(name='ScrollView#1')
MouseScrollUp() >>> ScrollView(name='ScrollView#1')
MouseScrollUp() >>> ScrollView(name='ScrollView#1')
MouseScrollUp() >>> ScrollView(name='ScrollView#1')
MouseScrollUp() >>> ScrollView(name='ScrollView#1')
MouseScrollUp() >>> ScrollView(name='ScrollView#1')
MouseScrollUp() >>> ScrollView(name='ScrollView#1')
MouseScrollUp() >>> ScrollView(name='ScrollView#1')
MouseScrollUp() >>> ScrollView(name='ScrollView#1')
MouseScrollUp() >>> ScrollView(name='ScrollView#1')
MouseScrollUp() >>> ScrollView(name='ScrollView#1')
MouseScrollUp() >>> ScrollView(name='ScrollView#1')
MouseScrollUp() >>> ScrollView(name='ScrollView#1')
MouseScrollUp() >>> ScrollView(name='ScrollView#1')
MouseScrollUp() >>> ScrollView(name='ScrollView#1')
MouseScrollUp() >>> ScrollView(name='ScrollView#1')
MouseScrollUp() >>> ScrollView(name='ScrollView#1')
MouseScrollUp() >>> ScrollView(name='ScrollView#1')
MouseScrollUp() >>> ScrollView(name='ScrollView#1')
MouseScrollUp() >>> ScrollView(name='ScrollView#1')
MouseScrollUp() >>> ScrollView(name='ScrollView#1')
MouseScrollUp() >>> ScrollView(name='ScrollView#1')
MouseScrollUp() >>> ScrollView(name='ScrollView#1')
MouseScrollUp() >>> ScrollView(name='ScrollView#1')
MouseScrollUp() >>> ScrollView(name='ScrollView#1')
MouseScrollUp() >>> ScrollView(name='ScrollView#1')
MouseScrollUp() >>> ScrollView(name='ScrollView#1')
MouseScrollUp() >>> ScrollView(name='ScrollView#1')
MouseScrollUp() >>> ScrollView(name='ScrollView#1')
MouseScrollUp() >>> ScrollView(name='ScrollView#1')
MouseScrollUp() >>> ScrollView(name='ScrollView#1')
MouseScrollUp() >>> ScrollView(name='ScrollView#1')
MouseScrollUp() >>> ScrollView(name='ScrollView#1')
MouseScrollUp() >>> ScrollView(name='ScrollView#1')
MouseScrollUp() >>> ScrollView(name='ScrollView#1')
MouseScrollUp() >>> ScrollView(name='ScrollView#1')
MouseScrollUp() >>> ScrollView(name='ScrollView#1')
MouseScrollUp() >>> ScrollView(name='ScrollView#1')
MouseScrollUp() >>> ScrollView(name='ScrollView#1')
MouseScrollUp() >>> ScrollView(name='ScrollView#1')
MouseScrollUp() >>> ScrollView(name='ScrollView#1')
MouseScrollUp() >>> ScrollView(name='ScrollView#1')
MouseScrollUp() >>> ScrollView(name='ScrollView#1')
MouseScrollUp() >>> ScrollView(name='ScrollView#1')
MouseScrollUp() >>> ScrollView(name='ScrollView#1')
MouseScrollUp() >>> ScrollView(name='ScrollView#1')
MouseScrollUp() >>> ScrollView(name='ScrollView#1')
MouseScrollUp() >>> ScrollView(name='ScrollView#1')
MouseScrollUp() >>> ScrollView(name='ScrollView#1')
MouseScrollUp() >>> ScrollView(name='ScrollView#1')
MouseScrollUp() >>> ScrollView(name='ScrollView#1')
MouseScrollUp() >>> ScrollView(name='ScrollView#1')
MouseScrollUp() >>> ScrollView(name='ScrollView#1')
MouseScrollUp() >>> ScrollView(name='ScrollView#1')
MouseScrollUp() >>> ScrollView(name='ScrollView#1')
MouseScrollUp() >>> ScrollView(name='ScrollView#1')
MouseScrollUp() >>> ScrollView(name='ScrollView#1')
MouseScrollUp() >>> ScrollView(name='ScrollView#1')
MouseScrollUp() >>> ScrollView(name='ScrollView#1')
MouseScrollUp() >>> ScrollView(name='ScrollView#1')
MouseScrollUp() >>> ScrollView(name='ScrollView#1')
MouseScrollUp() >>> ScrollView(name='ScrollView#1')
MouseScrollUp() >>> ScrollView(name='ScrollView#1')
MouseScrollUp() >>> ScrollView(name='ScrollView#1')
MouseScrollUp() >>> ScrollView(name='ScrollView#1')
MouseScrollUp() >>> ScrollView(name='ScrollView#1')
MouseScrollUp() >>> ScrollView(name='ScrollView#1')
MouseScrollUp() >>> ScrollView(name='ScrollView#1')
MouseScrollUp() >>> ScrollView(name='ScrollView#1')
MouseScrollUp() >>> ScrollView(name='ScrollView#1')
MouseScrollUp() >>> ScrollView(name='ScrollView#1')
MouseScrollUp() >>> ScrollView(name='ScrollView#1')
MouseScrollUp() >>> ScrollView(name='ScrollView#1')
MouseScrollUp() >>> ScrollView(name='ScrollView#1')
MouseScrollUp() >>> ScrollView(name='ScrollView#1')
MouseScrollUp() >>> ScrollView(name='ScrollView#1')
MouseScrollUp() >>> ScrollView(name='ScrollView#1')
MouseScrollUp() >>> ScrollView(name='ScrollView#1')
MouseScrollUp() >>> ScrollView(name='ScrollView#1')
MouseScrollUp() >>> ScrollView(name='ScrollView#1')
MouseScrollUp() >>> ScrollView(name='ScrollView#1')
MouseScrollUp() >>> ScrollView(name='ScrollView#1')
MouseScrollUp() >>> ScrollView(name='ScrollView#1')
MouseScrollUp() >>> ScrollView(name='ScrollView#1')
MouseScrollUp() >>> ScrollView(name='ScrollView#1')
MouseScrollUp() >>> ScrollView(name='ScrollView#1')
MouseScrollUp() >>> ScrollView(name='ScrollView#1')
MouseScrollUp() >>> ScrollView(name='ScrollView#1')
MouseScrollUp() >>> ScrollView(name='ScrollView#1')
MouseScrollUp() >>> ScrollView(name='ScrollView#1')
MouseScrollUp() >>> ScrollView(name='ScrollView#1')
MouseScrollUp() >>> ScrollView(name='ScrollView#1')
MouseScrollUp() >>> ScrollView(name='ScrollView#1')
MouseScrollUp() >>> ScrollView(name='ScrollView#1')
MouseScrollUp() >>> ScrollView(name='ScrollView#1')
MouseScrollUp() >>> ScrollView(name='ScrollView#1')
MouseScrollUp() >>> ScrollView(name='ScrollView#1')
MouseScrollUp() >>> ScrollView(name='ScrollView#1')
MouseScrollUp() >>> ScrollView(name='ScrollView#1')
MouseScrollUp() >>> ScrollView(name='ScrollView#1')
MouseScrollUp() >>> ScrollView(name='ScrollView#1')
MouseScrollUp() >>> ScrollView(name='ScrollView#1')
MouseScrollUp() >>> ScrollView(name='ScrollView#1')
MouseScrollUp() >>> ScrollView(name='ScrollView#1')
MouseScrollUp() >>> ScrollView(name='ScrollView#1')
MouseScrollUp() >>> ScrollView(name='ScrollView#1')
MouseScrollUp() >>> ScrollView(name='ScrollView#1')
MouseScrollUp() >>> ScrollView(name='ScrollView#1')
MouseScrollUp() >>> ScrollView(name='ScrollView#1')
MouseScrollUp() >>> ScrollView(name='ScrollView#1')
MouseScrollUp() >>> ScrollView(name='ScrollView#1')
MouseScrollUp() >>> ScrollView(name='ScrollView#1')
MouseScrollUp() >>> ScrollView(name='ScrollView#1')
MouseScrollUp() >>> ScrollView(name='ScrollView#1')
MouseScrollUp() >>> ScrollView(name='ScrollView#1')
MouseScrollUp() >>> ScrollView(name='ScrollView#1')
MouseScrollUp() >>> ScrollView(name='ScrollView#1')
MouseScrollUp() >>> ScrollView(name='ScrollView#1')
MouseScrollUp() >>> ScrollView(name='ScrollView#1')
MouseScrollUp() >>> ScrollView(name='ScrollView#1')
MouseScrollUp() >>> ScrollView(name='ScrollView#1')
MouseScrollUp() >>> ScrollView(name='ScrollView#1')
MouseScrollUp() >>> ScrollView(name='ScrollView#1')
MouseScrollUp() >>> ScrollView(name='ScrollView#1')
MouseScrollUp() >>> ScrollView(name='ScrollView#1')
MouseScrollUp() >>> ScrollView(name='ScrollView#1')
MouseScrollUp() >>> ScrollView(name='ScrollView#1')
MouseScrollUp() >>> ScrollView(name='ScrollView#1')
MouseScrollUp() >>> ScrollView(name='ScrollView#1')
MouseScrollUp() >>> ScrollView(name='ScrollView#1')
MouseScrollUp() >>> ScrollView(name='ScrollView#1')
MouseScrollUp() >>> ScrollView(name='ScrollView#1')
MouseScrollUp() >>> ScrollView(name='ScrollView#1')
MouseScrollUp() >>> ScrollView(name='ScrollView#1')
MouseScrollUp() >>> ScrollView(name='ScrollView#1')
MouseScrollUp() >>> ScrollView(name='ScrollView#1')
MouseScrollUp() >>> ScrollView(name='ScrollView#1')
MouseScrollUp() >>> ScrollView(name='ScrollView#1')
MouseScrollUp() >>> ScrollView(name='ScrollView#1')
MouseScrollUp() >>> ScrollView(name='ScrollView#1')
MouseScrollUp() >>> ScrollView(name='ScrollView#1')
MouseScrollUp() >>> ScrollView(name='ScrollView#1')
TRANSLATING layout
Leave() >>> Header('uproot-browser')
TRANSLATING layout
Leave() >>> Header('uproot-browser')
TRANSLATING layout
Enter() >>> ScrollBar(virtual_size=2268, window_size=31, position=1138)
TRANSLATING layout
Leave() >>> ScrollBar(virtual_size=2268, window_size=31, position=1138)
TRANSLATING layout
TRANSLATING layout
TRANSLATING layout
TRANSLATING layout
TRANSLATING layout
set_focus Header('uproot-browser')
MouseDown(x=0, y=0, button=1) >>> Header('uproot-browser')
Blur() >>> TreeView(name='019426EE-3D50-1249-B266-F6DBA0AFE3B5.root')
MouseUp(x=1, y=1, button=1) >>> Header('uproot-browser')
Click(x=1, y=1, button=1) >>> Header('uproot-browser')
Click(x=1, y=1, button=1) >>> Header('uproot-browser')
WindowChange(WindowView(name='WindowView#1')) >>> ScrollView(name='ScrollView#1')
set_focus Header('uproot-browser')
MouseDown(x=1, y=1, button=1) >>> Header('uproot-browser')
MouseUp(x=1, y=1, button=1) >>> Header('uproot-browser')
Click(x=1, y=1, button=1) >>> Header('uproot-browser')
Click(x=1, y=1, button=1) >>> Header('uproot-browser')
set_focus Header('uproot-browser')
MouseDown(x=2, y=1, button=1) >>> Header('uproot-browser')
MouseUp(x=2, y=1, button=1) >>> Header('uproot-browser')
Click(x=2, y=1, button=1) >>> Header('uproot-browser')
Click(x=2, y=1, button=1) >>> Header('uproot-browser')
ACTION Browser(title='uproot-browser') quit
CLOSED Browser(title='uproot-browser')
PROCESS END
CLOSED DockView(name='DockView#1')
WindowChange(WindowView(name='WindowView#1')) >>> ScrollView(name='ScrollView#1')
CLOSED ScrollView(name='ScrollView#1')
CLOSED PlotWidget(name='PlotWidget#1')
CLOSED TreeView(name='019426EE-3D50-1249-B266-F6DBA0AFE3B5.root')
CLOSED ScrollBar(virtual_size=2268, window_size=33, position=1138)
CLOSED WindowView(name='WindowView#1')
CLOSED ScrollBar(virtual_size=47, window_size=48, position=0)
CLOSED Footer(keys=[])
CLOSED Header('uproot-browser')
