---
driver=<class 'textual.drivers.linux_driver.LinuxDriver'>
Load() >>> Browser(title='Textual')
Mount() >>> Browser(title='uproot-browser')
Mount() >>> DockView(name='DockView#1')
Mount() >>> Header('')
Mount() >>> ScrollView(name='ScrollView#1')
Mount() >>> ScrollView(name='ScrollView#1')
Mount() >>> WindowView(name='WindowView#1')
Mount() >>> TreeView(name='test.root')
TRANSLATING layout
WindowChange(WindowView(name='WindowView#1')) >>> ScrollView(name='ScrollView#1')
WindowChange(WindowView(name='WindowView#1')) >>> ScrollView(name='ScrollView#1')
TRANSLATING layout
TRANSLATING layout
TRANSLATING layout
TRANSLATING layout
TRANSLATING layout
TRANSLATING layout
TRANSLATING layout
TRANSLATING layout
TRANSLATING layout
TRANSLATING layout
TRANSLATING layout
TRANSLATING layout
TRANSLATING layout
set_focus TreeView(name='test.root')
Focus() >>> TreeView(name='test.root')
MouseDown(x=16, y=15, screen_y=18, button=1) >>> TreeView(name='test.root')
WindowChange(WindowView(name='WindowView#1')) >>> ScrollView(name='ScrollView#1')
MouseUp(x=16, y=15, screen_y=18, button=1) >>> TreeView(name='test.root')
Click(x=16, y=15, screen_y=18, button=1) >>> TreeView(name='test.root')
ACTION TreeView(name='test.root') click_label
TreeClick(node=TreeNode(id=12, label='//tout', data=UprootItem(path='//tout', item=<TTree 'tout' (25 branches) at 0x7fd153c87d30>))) >>> TreeView(name='test.root')
TRANSLATING layout
TRANSLATING layout
CursorMove(TreeView(name='test.root')) >>> ScrollView(name='ScrollView#1')
WindowChange(WindowView(name='WindowView#1')) >>> ScrollView(name='ScrollView#1')
WindowChange(WindowView(name='WindowView#1')) >>> ScrollView(name='ScrollView#1')
TRANSLATING layout
TRANSLATING layout
TRANSLATING layout
TRANSLATING layout
TRANSLATING layout
TRANSLATING layout
TRANSLATING layout
MouseScrollUp() >>> ScrollView(name='ScrollView#1')
MouseScrollUp() >>> ScrollView(name='ScrollView#1')
MouseScrollUp() >>> ScrollView(name='ScrollView#1')
MouseScrollUp() >>> ScrollView(name='ScrollView#1')
MouseScrollUp() >>> ScrollView(name='ScrollView#1')
MouseScrollUp() >>> ScrollView(name='ScrollView#1')
MouseScrollUp() >>> ScrollView(name='ScrollView#1')
MouseScrollUp() >>> ScrollView(name='ScrollView#1')
TRANSLATING layout
TRANSLATING layout
set_focus TreeView(name='test.root')
MouseDown(x=25, y=35, screen_y=26, button=1) >>> TreeView(name='test.root')
MouseUp(x=25, y=35, screen_y=26, button=1) >>> TreeView(name='test.root')
Click(x=25, y=35, screen_y=26, button=1) >>> TreeView(name='test.root')
ACTION TreeView(name='test.root') click_label
TreeClick(node=TreeNode(id=31, label='//tout/electron_corrections', data=UprootItem(path='//tout/electron_corrections', item=<TBranch 'electron_corrections' at 0x7fd153caf670>))) >>> TreeView(name='test.root')
TRANSLATING layout
UprootClick(TreeView(name='test.root')) >>> Browser(title='uproot-browser')
TRANSLATING layout
TRANSLATING layout
TRANSLATING layout
TRANSLATING layout
TRANSLATING layout
TRANSLATING layout
TRANSLATING layout
TRANSLATING layout
TRANSLATING layout
TRANSLATING layout
TRANSLATING layout
set_focus Header('uproot-browser')
Blur() >>> TreeView(name='test.root')
MouseDown(x=1, y=1, button=1) >>> Header('uproot-browser')
WindowChange(WindowView(name='WindowView#1')) >>> ScrollView(name='ScrollView#1')
MouseUp(x=2, y=1, button=1) >>> Header('uproot-browser')
Click(x=2, y=1, button=1) >>> Header('uproot-browser')
Click(x=2, y=1, button=1) >>> Header('uproot-browser')
ACTION Browser(title='uproot-browser') quit
CLOSED Browser(title='uproot-browser')
PROCESS END
CLOSED DockView(name='DockView#1')
WindowChange(WindowView(name='WindowView#1')) >>> ScrollView(name='ScrollView#1')
CLOSED ScrollView(name='ScrollView#1')
CLOSED PlotWidget(name='PlotWidget#1')
CLOSED TreeView(name='test.root')
CLOSED Header('uproot-browser')
